[2017-02-27 23:44:55] name.WARNING:  [] []
[2017-02-27 23:44:55] name.ERROR: Bar [] []
[2017-02-27 23:45:35] name.WARNING:  [] []
[2017-02-27 23:45:35] name.ERROR: Bar [] []
[2017-02-27 23:45:41] name.WARNING:  [] []
[2017-02-27 23:45:41] name.ERROR: Bar [] []
[2017-02-27 23:46:06] name.ERROR: Bar [] []
[2017-02-27 23:46:06] name.ERROR: a:1:{s:5:"param";s:2:"66";} [] []
[2017-02-27 23:46:06] name.ERROR: a:0:{} [] []
[2017-02-27 23:46:38] name.INFO: GET [] []
[2017-02-27 23:46:38] name.ERROR: a:1:{s:5:"param";s:2:"66";} [] []
[2017-02-27 23:46:38] name.INFO: POST [] []
[2017-02-27 23:46:38] name.ERROR: a:0:{} [] []
[2017-02-27 23:46:43] name.INFO: GET [] []
[2017-02-27 23:46:43] name.ERROR: a:1:{s:5:"param";s:2:"66";} [] []
[2017-02-27 23:46:43] name.INFO: POST [] []
[2017-02-27 23:46:43] name.ERROR: a:0:{} [] []
[2017-02-28 00:39:23] name.INFO: GET [] []
[2017-02-28 00:39:23] name.ERROR: a:1:{s:5:"param";s:2:"66";} [] []
[2017-02-28 00:39:23] name.INFO: POST [] []
[2017-02-28 00:39:23] name.ERROR: a:0:{} [] []
[2017-02-28 00:39:23] name.INFO: ALLHEADERS [] []
[2017-02-28 00:39:23] name.ERROR: a:9:{s:4:"Host";s:14:"localhost:8888";s:10:"Connection";s:10:"keep-alive";s:13:"Cache-Control";s:9:"max-age=0";s:25:"Upgrade-Insecure-Requests";s:1:"1";s:10:"User-Agent";s:120:"Mozilla/5.0 (Macintosh; Intel Mac OS X 10_12_0) AppleWebKit/537.36 (KHTML, like Gecko) Chrome/56.0.2924.87 Safari/537.36";s:6:"Accept";s:74:"text/html,application/xhtml+xml,application/xml;q=0.9,image/webp,*/*;q=0.8";s:15:"Accept-Encoding";s:23:"gzip, deflate, sdch, br";s:15:"Accept-Language";s:35:"fr-FR,fr;q=0.8,en-US;q=0.6,en;q=0.4";s:6:"Cookie";s:331:"pmaCookieVer=5; pma_lang=fr; pma_collation_connection=utf8_unicode_ci; pmaUser-1=%7B%22iv%22%3A%22f%5C%2F9S6goP2YPlLkDPj3doSA%3D%3D%22%2C%22mac%22%3A%22d47e437833988f6e0226aafc92eb21d6a9060958%22%2C%22payload%22%3A%226UgzMpo9bBR9mX58xACCsg%3D%3D%22%7D; hudson_auto_refresh=false; jenkins-timestamper-offset=-3600000; iconSize=32x32";} [] []
[2017-02-28 00:39:29] name.INFO: GET [] []
[2017-02-28 00:39:29] name.ERROR: a:1:{s:5:"param";s:2:"66";} [] []
[2017-02-28 00:39:29] name.INFO: POST [] []
[2017-02-28 00:39:29] name.ERROR: a:0:{} [] []
[2017-02-28 00:39:29] name.INFO: ALLHEADERS [] []
[2017-02-28 00:39:29] name.ERROR: a:9:{s:4:"Host";s:14:"localhost:8888";s:10:"Connection";s:10:"keep-alive";s:13:"Cache-Control";s:9:"max-age=0";s:25:"Upgrade-Insecure-Requests";s:1:"1";s:10:"User-Agent";s:120:"Mozilla/5.0 (Macintosh; Intel Mac OS X 10_12_0) AppleWebKit/537.36 (KHTML, like Gecko) Chrome/56.0.2924.87 Safari/537.36";s:6:"Accept";s:74:"text/html,application/xhtml+xml,application/xml;q=0.9,image/webp,*/*;q=0.8";s:15:"Accept-Encoding";s:23:"gzip, deflate, sdch, br";s:15:"Accept-Language";s:35:"fr-FR,fr;q=0.8,en-US;q=0.6,en;q=0.4";s:6:"Cookie";s:331:"pmaCookieVer=5; pma_lang=fr; pma_collation_connection=utf8_unicode_ci; pmaUser-1=%7B%22iv%22%3A%22f%5C%2F9S6goP2YPlLkDPj3doSA%3D%3D%22%2C%22mac%22%3A%22d47e437833988f6e0226aafc92eb21d6a9060958%22%2C%22payload%22%3A%226UgzMpo9bBR9mX58xACCsg%3D%3D%22%7D; hudson_auto_refresh=false; jenkins-timestamper-offset=-3600000; iconSize=32x32";} [] []
[2017-02-28 00:41:16] name.INFO: GET [] []
[2017-02-28 00:41:16] name.ERROR: a:1:{s:5:"param";s:3:"tak";} [] []
[2017-02-28 00:41:16] name.INFO: POST [] []
[2017-02-28 00:41:16] name.ERROR: a:0:{} [] []
[2017-02-28 00:41:16] name.INFO: ALLHEADERS [] []
[2017-02-28 00:41:16] name.ERROR: a:8:{s:4:"Host";s:14:"localhost:8888";s:10:"Connection";s:10:"keep-alive";s:25:"Upgrade-Insecure-Requests";s:1:"1";s:10:"User-Agent";s:120:"Mozilla/5.0 (Macintosh; Intel Mac OS X 10_12_0) AppleWebKit/537.36 (KHTML, like Gecko) Chrome/56.0.2924.87 Safari/537.36";s:6:"Accept";s:74:"text/html,application/xhtml+xml,application/xml;q=0.9,image/webp,*/*;q=0.8";s:15:"Accept-Encoding";s:23:"gzip, deflate, sdch, br";s:15:"Accept-Language";s:35:"fr-FR,fr;q=0.8,en-US;q=0.6,en;q=0.4";s:6:"Cookie";s:331:"pmaCookieVer=5; pma_lang=fr; pma_collation_connection=utf8_unicode_ci; pmaUser-1=%7B%22iv%22%3A%22f%5C%2F9S6goP2YPlLkDPj3doSA%3D%3D%22%2C%22mac%22%3A%22d47e437833988f6e0226aafc92eb21d6a9060958%22%2C%22payload%22%3A%226UgzMpo9bBR9mX58xACCsg%3D%3D%22%7D; hudson_auto_refresh=false; jenkins-timestamper-offset=-3600000; iconSize=32x32";} [] []
[2017-02-28 00:41:16] name.INFO: REQUEST [] []
[2017-02-28 00:41:16] name.ERROR: a:8:{s:5:"param";s:3:"tak";s:12:"pmaCookieVer";s:1:"5";s:8:"pma_lang";s:2:"fr";s:24:"pma_collation_connection";s:15:"utf8_unicode_ci";s:9:"pmaUser-1";s:120:"{"iv":"f\/9S6goP2YPlLkDPj3doSA==","mac":"d47e437833988f6e0226aafc92eb21d6a9060958","payload":"6UgzMpo9bBR9mX58xACCsg=="}";s:19:"hudson_auto_refresh";s:5:"false";s:26:"jenkins-timestamper-offset";s:8:"-3600000";s:8:"iconSize";s:5:"32x32";} [] []
[2017-02-28 00:43:38] name.INFO: GET [] []
[2017-02-28 00:43:38] name.ERROR: a:1:{s:5:"param";s:3:"tak";} [] []
[2017-02-28 00:43:38] name.INFO: POST [] []
[2017-02-28 00:43:38] name.ERROR: a:0:{} [] []
[2017-02-28 00:43:38] name.INFO: ALLHEADERS [] []
[2017-02-28 00:43:38] name.ERROR: a:9:{s:4:"Host";s:14:"localhost:8888";s:10:"Connection";s:10:"keep-alive";s:13:"Cache-Control";s:9:"max-age=0";s:25:"Upgrade-Insecure-Requests";s:1:"1";s:10:"User-Agent";s:120:"Mozilla/5.0 (Macintosh; Intel Mac OS X 10_12_0) AppleWebKit/537.36 (KHTML, like Gecko) Chrome/56.0.2924.87 Safari/537.36";s:6:"Accept";s:74:"text/html,application/xhtml+xml,application/xml;q=0.9,image/webp,*/*;q=0.8";s:15:"Accept-Encoding";s:23:"gzip, deflate, sdch, br";s:15:"Accept-Language";s:35:"fr-FR,fr;q=0.8,en-US;q=0.6,en;q=0.4";s:6:"Cookie";s:331:"pmaCookieVer=5; pma_lang=fr; pma_collation_connection=utf8_unicode_ci; pmaUser-1=%7B%22iv%22%3A%22f%5C%2F9S6goP2YPlLkDPj3doSA%3D%3D%22%2C%22mac%22%3A%22d47e437833988f6e0226aafc92eb21d6a9060958%22%2C%22payload%22%3A%226UgzMpo9bBR9mX58xACCsg%3D%3D%22%7D; hudson_auto_refresh=false; jenkins-timestamper-offset=-3600000; iconSize=32x32";} [] []
[2017-02-28 00:43:38] name.INFO: REQUEST [] []
[2017-02-28 00:43:38] name.ERROR: a:8:{s:5:"param";s:3:"tak";s:12:"pmaCookieVer";s:1:"5";s:8:"pma_lang";s:2:"fr";s:24:"pma_collation_connection";s:15:"utf8_unicode_ci";s:9:"pmaUser-1";s:120:"{"iv":"f\/9S6goP2YPlLkDPj3doSA==","mac":"d47e437833988f6e0226aafc92eb21d6a9060958","payload":"6UgzMpo9bBR9mX58xACCsg=="}";s:19:"hudson_auto_refresh";s:5:"false";s:26:"jenkins-timestamper-offset";s:8:"-3600000";s:8:"iconSize";s:5:"32x32";} [] []
[2017-02-28 01:07:15] name.INFO: GET [] []
[2017-02-28 01:07:15] name.ERROR: a:1:{s:5:"param";s:3:"tak";} [] []
[2017-02-28 01:07:15] name.INFO: POST [] []
[2017-02-28 01:07:15] name.ERROR: a:0:{} [] []
[2017-02-28 01:07:15] name.INFO: REQUEST [] []
[2017-02-28 01:07:15] name.ERROR: a:8:{s:5:"param";s:3:"tak";s:12:"pmaCookieVer";s:1:"5";s:8:"pma_lang";s:2:"fr";s:24:"pma_collation_connection";s:15:"utf8_unicode_ci";s:9:"pmaUser-1";s:120:"{"iv":"f\/9S6goP2YPlLkDPj3doSA==","mac":"d47e437833988f6e0226aafc92eb21d6a9060958","payload":"6UgzMpo9bBR9mX58xACCsg=="}";s:19:"hudson_auto_refresh";s:5:"false";s:26:"jenkins-timestamper-offset";s:8:"-3600000";s:8:"iconSize";s:5:"32x32";} [] []
[2017-02-28 01:07:15] name.INFO: SERVER [] []
[2017-02-28 01:07:15] name.ERROR: a:31:{s:9:"HTTP_HOST";s:14:"localhost:8888";s:15:"HTTP_CONNECTION";s:10:"keep-alive";s:18:"HTTP_CACHE_CONTROL";s:9:"max-age=0";s:30:"HTTP_UPGRADE_INSECURE_REQUESTS";s:1:"1";s:15:"HTTP_USER_AGENT";s:120:"Mozilla/5.0 (Macintosh; Intel Mac OS X 10_12_0) AppleWebKit/537.36 (KHTML, like Gecko) Chrome/56.0.2924.87 Safari/537.36";s:11:"HTTP_ACCEPT";s:74:"text/html,application/xhtml+xml,application/xml;q=0.9,image/webp,*/*;q=0.8";s:20:"HTTP_ACCEPT_ENCODING";s:23:"gzip, deflate, sdch, br";s:20:"HTTP_ACCEPT_LANGUAGE";s:35:"fr-FR,fr;q=0.8,en-US;q=0.6,en;q=0.4";s:11:"HTTP_COOKIE";s:331:"pmaCookieVer=5; pma_lang=fr; pma_collation_connection=utf8_unicode_ci; pmaUser-1=%7B%22iv%22%3A%22f%5C%2F9S6goP2YPlLkDPj3doSA%3D%3D%22%2C%22mac%22%3A%22d47e437833988f6e0226aafc92eb21d6a9060958%22%2C%22payload%22%3A%226UgzMpo9bBR9mX58xACCsg%3D%3D%22%7D; hudson_auto_refresh=false; jenkins-timestamper-offset=-3600000; iconSize=32x32";s:4:"PATH";s:29:"/usr/bin:/bin:/usr/sbin:/sbin";s:16:"SERVER_SIGNATURE";s:0:"";s:15:"SERVER_SOFTWARE";s:139:"Apache/2.2.31 (Unix) mod_wsgi/3.5 Python/2.7.12 PHP/7.1.0 mod_ssl/2.2.31 OpenSSL/1.0.2j DAV/2 mod_fastcgi/2.4.6 mod_perl/2.0.9 Perl/v5.24.0";s:11:"SERVER_NAME";s:9:"localhost";s:11:"SERVER_ADDR";s:3:"::1";s:11:"SERVER_PORT";s:4:"8888";s:11:"REMOTE_ADDR";s:3:"::1";s:13:"DOCUMENT_ROOT";s:25:"/Applications/MAMP/htdocs";s:12:"SERVER_ADMIN";s:15:"you@example.com";s:15:"SCRIPT_FILENAME";s:53:"/Applications/MAMP/htdocs/apiai_webhook/web/index.php";s:11:"REMOTE_PORT";s:5:"52349";s:17:"GATEWAY_INTERFACE";s:7:"CGI/1.1";s:15:"SERVER_PROTOCOL";s:8:"HTTP/1.1";s:14:"REQUEST_METHOD";s:3:"GET";s:12:"QUERY_STRING";s:9:"param=tak";s:11:"REQUEST_URI";s:29:"/apiai_webhook/web/?param=tak";s:11:"SCRIPT_NAME";s:28:"/apiai_webhook/web/index.php";s:8:"PHP_SELF";s:28:"/apiai_webhook/web/index.php";s:18:"REQUEST_TIME_FLOAT";d:1488240435.270999908447265625;s:12:"REQUEST_TIME";i:1488240435;s:4:"argv";a:1:{i:0;s:9:"param=tak";}s:4:"argc";i:1;} [] []
[2017-02-28 08:52:07] name.INFO: GET [] []
[2017-02-28 08:52:07] name.ERROR: a:1:{s:5:"param";s:3:"tak";} [] []
[2017-02-28 08:52:07] name.INFO: POST [] []
[2017-02-28 08:52:07] name.ERROR: a:0:{} [] []
[2017-02-28 08:52:07] name.INFO: REQUEST [] []
[2017-02-28 08:52:07] name.ERROR: a:8:{s:5:"param";s:3:"tak";s:12:"pmaCookieVer";s:1:"5";s:8:"pma_lang";s:2:"fr";s:24:"pma_collation_connection";s:15:"utf8_unicode_ci";s:9:"pmaUser-1";s:120:"{"iv":"f\/9S6goP2YPlLkDPj3doSA==","mac":"d47e437833988f6e0226aafc92eb21d6a9060958","payload":"6UgzMpo9bBR9mX58xACCsg=="}";s:19:"hudson_auto_refresh";s:5:"false";s:26:"jenkins-timestamper-offset";s:8:"-3600000";s:8:"iconSize";s:5:"32x32";} [] []
[2017-02-28 08:52:07] name.INFO: SERVER [] []
[2017-02-28 08:52:07] name.ERROR: a:31:{s:9:"HTTP_HOST";s:14:"localhost:8888";s:15:"HTTP_CONNECTION";s:10:"keep-alive";s:18:"HTTP_CACHE_CONTROL";s:9:"max-age=0";s:30:"HTTP_UPGRADE_INSECURE_REQUESTS";s:1:"1";s:15:"HTTP_USER_AGENT";s:120:"Mozilla/5.0 (Macintosh; Intel Mac OS X 10_12_0) AppleWebKit/537.36 (KHTML, like Gecko) Chrome/56.0.2924.87 Safari/537.36";s:11:"HTTP_ACCEPT";s:74:"text/html,application/xhtml+xml,application/xml;q=0.9,image/webp,*/*;q=0.8";s:20:"HTTP_ACCEPT_ENCODING";s:23:"gzip, deflate, sdch, br";s:20:"HTTP_ACCEPT_LANGUAGE";s:35:"fr-FR,fr;q=0.8,en-US;q=0.6,en;q=0.4";s:11:"HTTP_COOKIE";s:331:"pmaCookieVer=5; pma_lang=fr; pma_collation_connection=utf8_unicode_ci; pmaUser-1=%7B%22iv%22%3A%22f%5C%2F9S6goP2YPlLkDPj3doSA%3D%3D%22%2C%22mac%22%3A%22d47e437833988f6e0226aafc92eb21d6a9060958%22%2C%22payload%22%3A%226UgzMpo9bBR9mX58xACCsg%3D%3D%22%7D; hudson_auto_refresh=false; jenkins-timestamper-offset=-3600000; iconSize=32x32";s:4:"PATH";s:29:"/usr/bin:/bin:/usr/sbin:/sbin";s:16:"SERVER_SIGNATURE";s:0:"";s:15:"SERVER_SOFTWARE";s:139:"Apache/2.2.31 (Unix) mod_wsgi/3.5 Python/2.7.12 PHP/7.1.0 mod_ssl/2.2.31 OpenSSL/1.0.2j DAV/2 mod_fastcgi/2.4.6 mod_perl/2.0.9 Perl/v5.24.0";s:11:"SERVER_NAME";s:9:"localhost";s:11:"SERVER_ADDR";s:3:"::1";s:11:"SERVER_PORT";s:4:"8888";s:11:"REMOTE_ADDR";s:3:"::1";s:13:"DOCUMENT_ROOT";s:25:"/Applications/MAMP/htdocs";s:12:"SERVER_ADMIN";s:15:"you@example.com";s:15:"SCRIPT_FILENAME";s:53:"/Applications/MAMP/htdocs/apiai_webhook/web/index.php";s:11:"REMOTE_PORT";s:5:"53478";s:17:"GATEWAY_INTERFACE";s:7:"CGI/1.1";s:15:"SERVER_PROTOCOL";s:8:"HTTP/1.1";s:14:"REQUEST_METHOD";s:3:"GET";s:12:"QUERY_STRING";s:9:"param=tak";s:11:"REQUEST_URI";s:29:"/apiai_webhook/web/?param=tak";s:11:"SCRIPT_NAME";s:28:"/apiai_webhook/web/index.php";s:8:"PHP_SELF";s:28:"/apiai_webhook/web/index.php";s:18:"REQUEST_TIME_FLOAT";d:1488268327.1600000858306884765625;s:12:"REQUEST_TIME";i:1488268327;s:4:"argv";a:1:{i:0;s:9:"param=tak";}s:4:"argc";i:1;} [] []
[2017-02-28 09:01:31] name.INFO: GET [] []
[2017-02-28 09:01:31] name.INFO: a:1:{s:5:"param";s:3:"tak";} [] []
[2017-02-28 09:01:31] name.INFO: POST [] []
[2017-02-28 09:01:31] name.INFO: a:0:{} [] []
[2017-02-28 09:01:31] name.INFO: REQUEST [] []
[2017-02-28 09:01:31] name.INFO: a:8:{s:5:"param";s:3:"tak";s:12:"pmaCookieVer";s:1:"5";s:8:"pma_lang";s:2:"fr";s:24:"pma_collation_connection";s:15:"utf8_unicode_ci";s:9:"pmaUser-1";s:120:"{"iv":"f\/9S6goP2YPlLkDPj3doSA==","mac":"d47e437833988f6e0226aafc92eb21d6a9060958","payload":"6UgzMpo9bBR9mX58xACCsg=="}";s:19:"hudson_auto_refresh";s:5:"false";s:26:"jenkins-timestamper-offset";s:8:"-3600000";s:8:"iconSize";s:5:"32x32";} [] []
[2017-02-28 09:01:31] name.INFO: SERVER [] []
[2017-02-28 09:01:31] name.INFO: a:31:{s:9:"HTTP_HOST";s:14:"localhost:8888";s:15:"HTTP_CONNECTION";s:10:"keep-alive";s:18:"HTTP_CACHE_CONTROL";s:9:"max-age=0";s:30:"HTTP_UPGRADE_INSECURE_REQUESTS";s:1:"1";s:15:"HTTP_USER_AGENT";s:120:"Mozilla/5.0 (Macintosh; Intel Mac OS X 10_12_0) AppleWebKit/537.36 (KHTML, like Gecko) Chrome/56.0.2924.87 Safari/537.36";s:11:"HTTP_ACCEPT";s:74:"text/html,application/xhtml+xml,application/xml;q=0.9,image/webp,*/*;q=0.8";s:20:"HTTP_ACCEPT_ENCODING";s:23:"gzip, deflate, sdch, br";s:20:"HTTP_ACCEPT_LANGUAGE";s:35:"fr-FR,fr;q=0.8,en-US;q=0.6,en;q=0.4";s:11:"HTTP_COOKIE";s:331:"pmaCookieVer=5; pma_lang=fr; pma_collation_connection=utf8_unicode_ci; pmaUser-1=%7B%22iv%22%3A%22f%5C%2F9S6goP2YPlLkDPj3doSA%3D%3D%22%2C%22mac%22%3A%22d47e437833988f6e0226aafc92eb21d6a9060958%22%2C%22payload%22%3A%226UgzMpo9bBR9mX58xACCsg%3D%3D%22%7D; hudson_auto_refresh=false; jenkins-timestamper-offset=-3600000; iconSize=32x32";s:4:"PATH";s:29:"/usr/bin:/bin:/usr/sbin:/sbin";s:16:"SERVER_SIGNATURE";s:0:"";s:15:"SERVER_SOFTWARE";s:139:"Apache/2.2.31 (Unix) mod_wsgi/3.5 Python/2.7.12 PHP/7.1.0 mod_ssl/2.2.31 OpenSSL/1.0.2j DAV/2 mod_fastcgi/2.4.6 mod_perl/2.0.9 Perl/v5.24.0";s:11:"SERVER_NAME";s:9:"localhost";s:11:"SERVER_ADDR";s:3:"::1";s:11:"SERVER_PORT";s:4:"8888";s:11:"REMOTE_ADDR";s:3:"::1";s:13:"DOCUMENT_ROOT";s:25:"/Applications/MAMP/htdocs";s:12:"SERVER_ADMIN";s:15:"you@example.com";s:15:"SCRIPT_FILENAME";s:53:"/Applications/MAMP/htdocs/apiai_webhook/web/index.php";s:11:"REMOTE_PORT";s:5:"53906";s:17:"GATEWAY_INTERFACE";s:7:"CGI/1.1";s:15:"SERVER_PROTOCOL";s:8:"HTTP/1.1";s:14:"REQUEST_METHOD";s:3:"GET";s:12:"QUERY_STRING";s:9:"param=tak";s:11:"REQUEST_URI";s:29:"/apiai_webhook/web/?param=tak";s:11:"SCRIPT_NAME";s:28:"/apiai_webhook/web/index.php";s:8:"PHP_SELF";s:28:"/apiai_webhook/web/index.php";s:18:"REQUEST_TIME_FLOAT";d:1488268891.020999908447265625;s:12:"REQUEST_TIME";i:1488268891;s:4:"argv";a:1:{i:0;s:9:"param=tak";}s:4:"argc";i:1;} [] []
[2017-02-28 09:01:31] name.INFO: GETPOSTJSON [] []
[2017-02-28 09:01:31] name.INFO:  [] []
[2017-02-28 11:22:53] name.INFO: GET [] []
[2017-02-28 11:22:53] name.INFO: a:0:{} [] []
[2017-02-28 11:22:53] name.INFO: POST [] []
[2017-02-28 11:22:53] name.INFO: a:0:{} [] []
[2017-02-28 11:22:53] name.INFO: REQUEST [] []
[2017-02-28 11:22:53] name.INFO: a:4:{s:9:"pmaUser-1";s:120:"{"iv":"f\/9S6goP2YPlLkDPj3doSA==","mac":"d47e437833988f6e0226aafc92eb21d6a9060958","payload":"6UgzMpo9bBR9mX58xACCsg=="}";s:19:"hudson_auto_refresh";s:5:"false";s:26:"jenkins-timestamper-offset";s:8:"-3600000";s:8:"iconSize";s:5:"32x32";} [] []
[2017-02-28 11:22:53] name.INFO: SERVER [] []
[2017-02-28 11:22:53] name.INFO: a:31:{s:9:"HTTP_HOST";s:14:"localhost:8888";s:15:"HTTP_CONNECTION";s:10:"keep-alive";s:18:"HTTP_CACHE_CONTROL";s:9:"max-age=0";s:30:"HTTP_UPGRADE_INSECURE_REQUESTS";s:1:"1";s:15:"HTTP_USER_AGENT";s:120:"Mozilla/5.0 (Macintosh; Intel Mac OS X 10_12_0) AppleWebKit/537.36 (KHTML, like Gecko) Chrome/56.0.2924.87 Safari/537.36";s:11:"HTTP_ACCEPT";s:74:"text/html,application/xhtml+xml,application/xml;q=0.9,image/webp,*/*;q=0.8";s:20:"HTTP_ACCEPT_ENCODING";s:23:"gzip, deflate, sdch, br";s:20:"HTTP_ACCEPT_LANGUAGE";s:35:"fr-FR,fr;q=0.8,en-US;q=0.6,en;q=0.4";s:11:"HTTP_COOKIE";s:260:"pmaUser-1=%7B%22iv%22%3A%22f%5C%2F9S6goP2YPlLkDPj3doSA%3D%3D%22%2C%22mac%22%3A%22d47e437833988f6e0226aafc92eb21d6a9060958%22%2C%22payload%22%3A%226UgzMpo9bBR9mX58xACCsg%3D%3D%22%7D; hudson_auto_refresh=false; jenkins-timestamper-offset=-3600000; iconSize=32x32";s:4:"PATH";s:29:"/usr/bin:/bin:/usr/sbin:/sbin";s:16:"SERVER_SIGNATURE";s:0:"";s:15:"SERVER_SOFTWARE";s:139:"Apache/2.2.31 (Unix) mod_wsgi/3.5 Python/2.7.12 PHP/7.1.0 mod_ssl/2.2.31 OpenSSL/1.0.2j DAV/2 mod_fastcgi/2.4.6 mod_perl/2.0.9 Perl/v5.24.0";s:11:"SERVER_NAME";s:9:"localhost";s:11:"SERVER_ADDR";s:3:"::1";s:11:"SERVER_PORT";s:4:"8888";s:11:"REMOTE_ADDR";s:3:"::1";s:13:"DOCUMENT_ROOT";s:25:"/Applications/MAMP/htdocs";s:12:"SERVER_ADMIN";s:15:"you@example.com";s:15:"SCRIPT_FILENAME";s:53:"/Applications/MAMP/htdocs/apiai_webhook/web/index.php";s:11:"REMOTE_PORT";s:5:"59229";s:17:"GATEWAY_INTERFACE";s:7:"CGI/1.1";s:15:"SERVER_PROTOCOL";s:8:"HTTP/1.1";s:14:"REQUEST_METHOD";s:3:"GET";s:12:"QUERY_STRING";s:0:"";s:11:"REQUEST_URI";s:19:"/apiai_webhook/web/";s:11:"SCRIPT_NAME";s:28:"/apiai_webhook/web/index.php";s:8:"PHP_SELF";s:28:"/apiai_webhook/web/index.php";s:18:"REQUEST_TIME_FLOAT";d:1488277373.7609999179840087890625;s:12:"REQUEST_TIME";i:1488277373;s:4:"argv";a:0:{}s:4:"argc";i:0;} [] []
[2017-02-28 11:22:53] name.INFO: GETPOSTJSON [] []
[2017-02-28 11:22:53] name.INFO:  [] []
[2017-02-28 11:22:56] name.INFO: GET [] []
[2017-02-28 11:22:56] name.INFO: a:0:{} [] []
[2017-02-28 11:22:56] name.INFO: POST [] []
[2017-02-28 11:22:56] name.INFO: a:0:{} [] []
[2017-02-28 11:22:56] name.INFO: REQUEST [] []
[2017-02-28 11:22:56] name.INFO: a:4:{s:9:"pmaUser-1";s:120:"{"iv":"f\/9S6goP2YPlLkDPj3doSA==","mac":"d47e437833988f6e0226aafc92eb21d6a9060958","payload":"6UgzMpo9bBR9mX58xACCsg=="}";s:19:"hudson_auto_refresh";s:5:"false";s:26:"jenkins-timestamper-offset";s:8:"-3600000";s:8:"iconSize";s:5:"32x32";} [] []
[2017-02-28 11:22:56] name.INFO: SERVER [] []
[2017-02-28 11:22:56] name.INFO: a:31:{s:9:"HTTP_HOST";s:14:"localhost:8888";s:15:"HTTP_CONNECTION";s:10:"keep-alive";s:18:"HTTP_CACHE_CONTROL";s:9:"max-age=0";s:30:"HTTP_UPGRADE_INSECURE_REQUESTS";s:1:"1";s:15:"HTTP_USER_AGENT";s:120:"Mozilla/5.0 (Macintosh; Intel Mac OS X 10_12_0) AppleWebKit/537.36 (KHTML, like Gecko) Chrome/56.0.2924.87 Safari/537.36";s:11:"HTTP_ACCEPT";s:74:"text/html,application/xhtml+xml,application/xml;q=0.9,image/webp,*/*;q=0.8";s:20:"HTTP_ACCEPT_ENCODING";s:23:"gzip, deflate, sdch, br";s:20:"HTTP_ACCEPT_LANGUAGE";s:35:"fr-FR,fr;q=0.8,en-US;q=0.6,en;q=0.4";s:11:"HTTP_COOKIE";s:260:"pmaUser-1=%7B%22iv%22%3A%22f%5C%2F9S6goP2YPlLkDPj3doSA%3D%3D%22%2C%22mac%22%3A%22d47e437833988f6e0226aafc92eb21d6a9060958%22%2C%22payload%22%3A%226UgzMpo9bBR9mX58xACCsg%3D%3D%22%7D; hudson_auto_refresh=false; jenkins-timestamper-offset=-3600000; iconSize=32x32";s:4:"PATH";s:29:"/usr/bin:/bin:/usr/sbin:/sbin";s:16:"SERVER_SIGNATURE";s:0:"";s:15:"SERVER_SOFTWARE";s:139:"Apache/2.2.31 (Unix) mod_wsgi/3.5 Python/2.7.12 PHP/7.1.0 mod_ssl/2.2.31 OpenSSL/1.0.2j DAV/2 mod_fastcgi/2.4.6 mod_perl/2.0.9 Perl/v5.24.0";s:11:"SERVER_NAME";s:9:"localhost";s:11:"SERVER_ADDR";s:3:"::1";s:11:"SERVER_PORT";s:4:"8888";s:11:"REMOTE_ADDR";s:3:"::1";s:13:"DOCUMENT_ROOT";s:25:"/Applications/MAMP/htdocs";s:12:"SERVER_ADMIN";s:15:"you@example.com";s:15:"SCRIPT_FILENAME";s:53:"/Applications/MAMP/htdocs/apiai_webhook/web/index.php";s:11:"REMOTE_PORT";s:5:"59229";s:17:"GATEWAY_INTERFACE";s:7:"CGI/1.1";s:15:"SERVER_PROTOCOL";s:8:"HTTP/1.1";s:14:"REQUEST_METHOD";s:3:"GET";s:12:"QUERY_STRING";s:0:"";s:11:"REQUEST_URI";s:19:"/apiai_webhook/web/";s:11:"SCRIPT_NAME";s:28:"/apiai_webhook/web/index.php";s:8:"PHP_SELF";s:28:"/apiai_webhook/web/index.php";s:18:"REQUEST_TIME_FLOAT";d:1488277376.7190001010894775390625;s:12:"REQUEST_TIME";i:1488277376;s:4:"argv";a:0:{}s:4:"argc";i:0;} [] []
[2017-02-28 11:22:56] name.INFO: GETPOSTJSON [] []
[2017-02-28 11:22:56] name.INFO:  [] []
[2017-02-28 11:23:14] name.INFO: GET [] []
[2017-02-28 11:23:14] name.INFO: a:0:{} [] []
[2017-02-28 11:23:14] name.INFO: POST [] []
[2017-02-28 11:23:14] name.INFO: a:0:{} [] []
[2017-02-28 11:23:14] name.INFO: REQUEST [] []
[2017-02-28 11:23:14] name.INFO: a:4:{s:9:"pmaUser-1";s:120:"{"iv":"f\/9S6goP2YPlLkDPj3doSA==","mac":"d47e437833988f6e0226aafc92eb21d6a9060958","payload":"6UgzMpo9bBR9mX58xACCsg=="}";s:19:"hudson_auto_refresh";s:5:"false";s:26:"jenkins-timestamper-offset";s:8:"-3600000";s:8:"iconSize";s:5:"32x32";} [] []
[2017-02-28 11:23:14] name.INFO: SERVER [] []
[2017-02-28 11:23:14] name.INFO: a:31:{s:9:"HTTP_HOST";s:14:"localhost:8888";s:15:"HTTP_CONNECTION";s:10:"keep-alive";s:18:"HTTP_CACHE_CONTROL";s:9:"max-age=0";s:30:"HTTP_UPGRADE_INSECURE_REQUESTS";s:1:"1";s:15:"HTTP_USER_AGENT";s:120:"Mozilla/5.0 (Macintosh; Intel Mac OS X 10_12_0) AppleWebKit/537.36 (KHTML, like Gecko) Chrome/56.0.2924.87 Safari/537.36";s:11:"HTTP_ACCEPT";s:74:"text/html,application/xhtml+xml,application/xml;q=0.9,image/webp,*/*;q=0.8";s:20:"HTTP_ACCEPT_ENCODING";s:23:"gzip, deflate, sdch, br";s:20:"HTTP_ACCEPT_LANGUAGE";s:35:"fr-FR,fr;q=0.8,en-US;q=0.6,en;q=0.4";s:11:"HTTP_COOKIE";s:260:"pmaUser-1=%7B%22iv%22%3A%22f%5C%2F9S6goP2YPlLkDPj3doSA%3D%3D%22%2C%22mac%22%3A%22d47e437833988f6e0226aafc92eb21d6a9060958%22%2C%22payload%22%3A%226UgzMpo9bBR9mX58xACCsg%3D%3D%22%7D; hudson_auto_refresh=false; jenkins-timestamper-offset=-3600000; iconSize=32x32";s:4:"PATH";s:29:"/usr/bin:/bin:/usr/sbin:/sbin";s:16:"SERVER_SIGNATURE";s:0:"";s:15:"SERVER_SOFTWARE";s:139:"Apache/2.2.31 (Unix) mod_wsgi/3.5 Python/2.7.12 PHP/7.1.0 mod_ssl/2.2.31 OpenSSL/1.0.2j DAV/2 mod_fastcgi/2.4.6 mod_perl/2.0.9 Perl/v5.24.0";s:11:"SERVER_NAME";s:9:"localhost";s:11:"SERVER_ADDR";s:3:"::1";s:11:"SERVER_PORT";s:4:"8888";s:11:"REMOTE_ADDR";s:3:"::1";s:13:"DOCUMENT_ROOT";s:25:"/Applications/MAMP/htdocs";s:12:"SERVER_ADMIN";s:15:"you@example.com";s:15:"SCRIPT_FILENAME";s:53:"/Applications/MAMP/htdocs/apiai_webhook/web/index.php";s:11:"REMOTE_PORT";s:5:"59239";s:17:"GATEWAY_INTERFACE";s:7:"CGI/1.1";s:15:"SERVER_PROTOCOL";s:8:"HTTP/1.1";s:14:"REQUEST_METHOD";s:3:"GET";s:12:"QUERY_STRING";s:0:"";s:11:"REQUEST_URI";s:19:"/apiai_webhook/web/";s:11:"SCRIPT_NAME";s:28:"/apiai_webhook/web/index.php";s:8:"PHP_SELF";s:28:"/apiai_webhook/web/index.php";s:18:"REQUEST_TIME_FLOAT";d:1488277394.4179999828338623046875;s:12:"REQUEST_TIME";i:1488277394;s:4:"argv";a:0:{}s:4:"argc";i:0;} [] []
[2017-02-28 11:23:14] name.INFO: GETPOSTJSON [] []
[2017-02-28 11:23:14] name.INFO:  [] []
[2017-02-28 11:23:37] name.INFO: GET [] []
[2017-02-28 11:23:37] name.INFO: a:0:{} [] []
[2017-02-28 11:23:37] name.INFO: POST [] []
[2017-02-28 11:23:37] name.INFO: a:0:{} [] []
[2017-02-28 11:23:37] name.INFO: REQUEST [] []
[2017-02-28 11:23:37] name.INFO: a:4:{s:9:"pmaUser-1";s:120:"{"iv":"f\/9S6goP2YPlLkDPj3doSA==","mac":"d47e437833988f6e0226aafc92eb21d6a9060958","payload":"6UgzMpo9bBR9mX58xACCsg=="}";s:19:"hudson_auto_refresh";s:5:"false";s:26:"jenkins-timestamper-offset";s:8:"-3600000";s:8:"iconSize";s:5:"32x32";} [] []
[2017-02-28 11:23:37] name.INFO: SERVER [] []
[2017-02-28 11:23:37] name.INFO: a:31:{s:9:"HTTP_HOST";s:14:"localhost:8888";s:15:"HTTP_CONNECTION";s:10:"keep-alive";s:18:"HTTP_CACHE_CONTROL";s:9:"max-age=0";s:30:"HTTP_UPGRADE_INSECURE_REQUESTS";s:1:"1";s:15:"HTTP_USER_AGENT";s:120:"Mozilla/5.0 (Macintosh; Intel Mac OS X 10_12_0) AppleWebKit/537.36 (KHTML, like Gecko) Chrome/56.0.2924.87 Safari/537.36";s:11:"HTTP_ACCEPT";s:74:"text/html,application/xhtml+xml,application/xml;q=0.9,image/webp,*/*;q=0.8";s:20:"HTTP_ACCEPT_ENCODING";s:23:"gzip, deflate, sdch, br";s:20:"HTTP_ACCEPT_LANGUAGE";s:35:"fr-FR,fr;q=0.8,en-US;q=0.6,en;q=0.4";s:11:"HTTP_COOKIE";s:260:"pmaUser-1=%7B%22iv%22%3A%22f%5C%2F9S6goP2YPlLkDPj3doSA%3D%3D%22%2C%22mac%22%3A%22d47e437833988f6e0226aafc92eb21d6a9060958%22%2C%22payload%22%3A%226UgzMpo9bBR9mX58xACCsg%3D%3D%22%7D; hudson_auto_refresh=false; jenkins-timestamper-offset=-3600000; iconSize=32x32";s:4:"PATH";s:29:"/usr/bin:/bin:/usr/sbin:/sbin";s:16:"SERVER_SIGNATURE";s:0:"";s:15:"SERVER_SOFTWARE";s:139:"Apache/2.2.31 (Unix) mod_wsgi/3.5 Python/2.7.12 PHP/7.1.0 mod_ssl/2.2.31 OpenSSL/1.0.2j DAV/2 mod_fastcgi/2.4.6 mod_perl/2.0.9 Perl/v5.24.0";s:11:"SERVER_NAME";s:9:"localhost";s:11:"SERVER_ADDR";s:3:"::1";s:11:"SERVER_PORT";s:4:"8888";s:11:"REMOTE_ADDR";s:3:"::1";s:13:"DOCUMENT_ROOT";s:25:"/Applications/MAMP/htdocs";s:12:"SERVER_ADMIN";s:15:"you@example.com";s:15:"SCRIPT_FILENAME";s:53:"/Applications/MAMP/htdocs/apiai_webhook/web/index.php";s:11:"REMOTE_PORT";s:5:"59250";s:17:"GATEWAY_INTERFACE";s:7:"CGI/1.1";s:15:"SERVER_PROTOCOL";s:8:"HTTP/1.1";s:14:"REQUEST_METHOD";s:3:"GET";s:12:"QUERY_STRING";s:0:"";s:11:"REQUEST_URI";s:19:"/apiai_webhook/web/";s:11:"SCRIPT_NAME";s:28:"/apiai_webhook/web/index.php";s:8:"PHP_SELF";s:28:"/apiai_webhook/web/index.php";s:18:"REQUEST_TIME_FLOAT";d:1488277417.4130001068115234375;s:12:"REQUEST_TIME";i:1488277417;s:4:"argv";a:0:{}s:4:"argc";i:0;} [] []
[2017-02-28 11:23:37] name.INFO: GETPOSTJSON [] []
[2017-02-28 11:23:37] name.INFO:  [] []
[2017-02-28 12:09:49] name.INFO: GETPOSTJSON [] []
[2017-02-28 12:09:49] name.INFO:  [] []
[2017-02-28 12:09:57] name.INFO: GETPOSTJSON [] []
[2017-02-28 12:09:57] name.INFO: EQQSDQZSDQDQSDQS [] []
[2017-02-28 12:10:09] name.INFO: GETPOSTJSON [] []
[2017-02-28 12:10:09] name.INFO: {     "lang": "en",      "status": {         "errorType": "success",          "code": 200     },      "timestamp": "2017-02-09T16:06:01.908Z",      "sessionId": "1486656220806",      "result": {         "parameters": {             "city": "Rome",              "name": "Ana"         },          "contexts": [],          "resolvedQuery": "my name is Ana and I live in Rome",          "source": "agent",          "score": 1.0,          "speech": "",          "fulfillment": {             "messages": [                 {                     "speech": "Hi Ana! Nice to meet you!",                      "type": 0                 }             ],              "speech": "Hi Ana! Nice to meet you!"         },          "actionIncomplete": false,          "action": "greetings",          "metadata": {             "intentId": "9f41ef7c-82fa-42a7-9a30-49a93e2c14d0",              "webhookForSlotFillingUsed": "false",              "intentName": "greetings",              "webhookUsed": "true"         }     },      "id": "ab30d214-f4bb-4cdd-ae36-31caac7a6693",      "originalRequest": {         "source": "google",          "data": {             "inputs": [                 {                     "raw_inputs": [                         {                             "query": "my name is Ana and I live in Rome",                              "input_type": 2                         }                     ],                      "intent": "assistant.intent.action.TEXT",                      "arguments": [                         {                             "text_value": "my name is Ana and I live in Rome",                              "raw_text": "my name is Ana and I live in Rome",                              "name": "text"                         }                     ]                 }             ],              "user": {                 "user_id": "PuQndWs1OMjUYwVJMYqwJv0/KT8satJHAUQGiGPDQ7A="             },              "conversation": {                 "conversation_id": "1486656220806",                  "type": 2,                  "conversation_token": "[]"             }         }     } } [] []
